<?xml version="1.0" encoding="UTF-8"?>
<testng-results ignored="0" total="1" passed="1" failed="0" skipped="0">
  <reporter-output>
  </reporter-output>
  <suite started-at="2024-12-30T11:36:28 IST" name="MasterSuite" finished-at="2024-12-30T11:36:38 IST" duration-ms="9736">
    <groups>
    </groups>
    <test started-at="2024-12-30T11:36:28 IST" name="Test" finished-at="2024-12-30T11:36:38 IST" duration-ms="9736">
      <class name="testCases.TC002_LoginTest">
        <test-method is-config="true" signature="setUp()[pri:0, instance:testCases.TC002_LoginTest@6aba2b86]" started-at="2024-12-30T11:36:28 IST" name="setUp" finished-at="2024-12-30T11:36:34 IST" duration-ms="6375" status="PASS">
          <reporter-output>
          </reporter-output>
        </test-method> <!-- setUp -->
        <test-method signature="verify_login()[pri:0, instance:testCases.TC002_LoginTest@6aba2b86]" started-at="2024-12-30T11:36:34 IST" name="verify_login" finished-at="2024-12-30T11:36:37 IST" duration-ms="3122" status="PASS">
          <reporter-output>
          </reporter-output>
        </test-method> <!-- verify_login -->
        <test-method is-config="true" signature="tearDown()[pri:0, instance:testCases.TC002_LoginTest@6aba2b86]" started-at="2024-12-30T11:36:37 IST" name="tearDown" finished-at="2024-12-30T11:36:38 IST" duration-ms="178" status="PASS">
          <reporter-output>
          </reporter-output>
        </test-method> <!-- tearDown -->
      </class> <!-- testCases.TC002_LoginTest -->
    </test> <!-- Test -->
  </suite> <!-- MasterSuite -->
</testng-results>
