<?xml version="1.0" encoding="UTF-8"?>
<testng-results ignored="0" total="1" passed="1" failed="0" skipped="0">
  <reporter-output>
  </reporter-output>
  <suite started-at="2024-12-29T16:46:45 IST" name="MasterSuite" finished-at="2024-12-29T16:46:55 IST" duration-ms="9260">
    <groups>
    </groups>
    <test started-at="2024-12-29T16:46:45 IST" name="Test" finished-at="2024-12-29T16:46:55 IST" duration-ms="9260">
      <class name="testCases.TC002_LoginTest">
        <test-method is-config="true" signature="setUp()[pri:0, instance:testCases.TC002_LoginTest@3c46e67a]" started-at="2024-12-29T16:46:45 IST" name="setUp" finished-at="2024-12-29T16:46:51 IST" duration-ms="5882" status="PASS">
          <reporter-output>
          </reporter-output>
        </test-method> <!-- setUp -->
        <test-method signature="verify_login()[pri:0, instance:testCases.TC002_LoginTest@3c46e67a]" started-at="2024-12-29T16:46:51 IST" name="verify_login" finished-at="2024-12-29T16:46:54 IST" duration-ms="3076" status="PASS">
          <reporter-output>
          </reporter-output>
        </test-method> <!-- verify_login -->
        <test-method is-config="true" signature="tearDown()[pri:0, instance:testCases.TC002_LoginTest@3c46e67a]" started-at="2024-12-29T16:46:54 IST" name="tearDown" finished-at="2024-12-29T16:46:55 IST" duration-ms="240" status="PASS">
          <reporter-output>
          </reporter-output>
        </test-method> <!-- tearDown -->
      </class> <!-- testCases.TC002_LoginTest -->
    </test> <!-- Test -->
  </suite> <!-- MasterSuite -->
</testng-results>
